2018-02-27 17:48:59,134 INFO  [Log] **************************************************************************************** 
2018-02-27 17:48:59,134 INFO  [Log] **************************************************************************************** 
2018-02-27 17:48:59,135 INFO  [Log] $$$$$$$$$$$$$$$$$$$$$                 Update Student Name       $$$$$$$$$$$$$$$$$$$$$$$$$ 
2018-02-27 17:48:59,135 INFO  [Log] **************************************************************************************** 
2018-02-27 17:48:59,135 INFO  [Log] **************************************************************************************** 
2018-02-27 17:48:59,144 ERROR [Log] Login Link not found on the Home Page 
2018-02-27 17:48:59,144 ERROR [Log]  
2018-02-27 17:50:02,579 INFO  [Log] **************************************************************************************** 
2018-02-27 17:50:02,579 INFO  [Log] **************************************************************************************** 
2018-02-27 17:50:02,579 INFO  [Log] $$$$$$$$$$$$$$$$$$$$$                 Update Student Name       $$$$$$$$$$$$$$$$$$$$$$$$$ 
2018-02-27 17:50:02,579 INFO  [Log] **************************************************************************************** 
2018-02-27 17:50:02,579 INFO  [Log] **************************************************************************************** 
2018-02-27 17:50:03,048 INFO  [Log] New Chrome Headless driver instantiated 
2018-02-27 17:50:03,050 INFO  [Log] Implicit wait applied on the driver for 10 seconds 
2018-02-27 17:50:03,589 INFO  [Log] Web application launched successfully 
2018-02-27 17:50:03,613 INFO  [Log] Login Link found on the Home Page 
2018-02-27 17:50:03,662 INFO  [Log] ApplyingFor DropDown found on the Home Page 
2018-02-27 17:50:03,733 INFO  [Log] Email text box is found on the Home Page 
2018-02-27 17:50:03,827 INFO  [Log] Password Text box is found on the Home Page 
2018-02-27 17:50:03,910 INFO  [Log] Login Button found on the Home Page 
2018-02-27 17:51:08,833 INFO  [Log] **************************************************************************************** 
2018-02-27 17:51:08,834 INFO  [Log] **************************************************************************************** 
2018-02-27 17:51:08,834 INFO  [Log] $$$$$$$$$$$$$$$$$$$$$                 Update Student Name       $$$$$$$$$$$$$$$$$$$$$$$$$ 
2018-02-27 17:51:08,834 INFO  [Log] **************************************************************************************** 
2018-02-27 17:51:08,834 INFO  [Log] **************************************************************************************** 
2018-02-27 17:51:09,290 INFO  [Log] New Chrome Headless driver instantiated 
2018-02-27 17:51:09,293 INFO  [Log] Implicit wait applied on the driver for 10 seconds 
2018-02-27 17:51:09,767 INFO  [Log] Web application launched successfully 
2018-02-27 17:51:09,791 INFO  [Log] Login Link found on the Home Page 
2018-02-27 17:51:09,947 INFO  [Log] ApplyingFor DropDown found on the Home Page 
2018-02-27 17:51:10,023 INFO  [Log] Email text box is found on the Home Page 
2018-02-27 17:51:10,128 INFO  [Log] Password Text box is found on the Home Page 
2018-02-27 17:51:10,216 INFO  [Log] Login Button found on the Home Page 
2018-02-27 17:52:01,862 INFO  [Log] **************************************************************************************** 
2018-02-27 17:52:01,862 INFO  [Log] **************************************************************************************** 
2018-02-27 17:52:01,862 INFO  [Log] $$$$$$$$$$$$$$$$$$$$$                 Update Student Name       $$$$$$$$$$$$$$$$$$$$$$$$$ 
2018-02-27 17:52:01,862 INFO  [Log] **************************************************************************************** 
2018-02-27 17:52:01,862 INFO  [Log] **************************************************************************************** 
2018-02-27 17:52:04,375 INFO  [Log] New Firefox driver instantiated 
2018-02-27 17:52:04,382 INFO  [Log] Implicit wait applied on the driver for 10 seconds 
2018-02-27 17:52:12,589 INFO  [Log] Web application launched successfully 
2018-02-27 17:52:12,618 INFO  [Log] Login Link found on the Home Page 
2018-02-27 17:52:12,683 INFO  [Log] ApplyingFor DropDown found on the Home Page 
2018-02-27 17:52:12,745 INFO  [Log] Email text box is found on the Home Page 
2018-02-27 17:52:12,806 INFO  [Log] Password Text box is found on the Home Page 
2018-02-27 17:52:12,853 INFO  [Log] Login Button found on the Home Page 
